<?xml version="1.0" encoding="UTF-8"?>
<!-- Generated by org.testng.reporters.JUnitXMLReporter -->
<testsuite hostname="DESKTOP-DPN1ULJ" failures="0" tests="1" name="Test" time="0.018" errors="0" timestamp="11 Jan 2018 02:00:10 GMT">
  <testcase classname="TestExample.TestExample" name="@BeforeClass beforeTest" time="0.0">
    <failure type="org.testng.TestNGException" message="
Parameter &amp;apos;browser&amp;apos; is required by @Configuration on method beforeTest but has not been marked @Optional or defined
in E:\Selenium\eclipse\eclipse-workspace\TestProject\testng.xml">
      <![CDATA[org.testng.TestNGException: 
Parameter 'browser' is required by @Configuration on method beforeTest but has not been marked @Optional or defined
in E:\Selenium\eclipse\eclipse-workspace\TestProject\testng.xml
... Removed 21 stack frames]]>
    </failure>
  </testcase> <!-- @BeforeClass beforeTest -->
  <testcase classname="TestExample.TestExample" name="@AfterClass afterTest" time="0.0">
    <skipped/>
  </testcase> <!-- @AfterClass afterTest -->
  <testcase classname="TestExample.TestExample" name="marketing" time="0.003">
    <skipped/>
  </testcase> <!-- marketing -->
</testsuite> <!-- Test -->
