<?xml version="1.0" encoding="UTF-8"?>
<testsuite xmlns:xsi="http://www.w3.org/2001/XMLSchema-instance" xsi:noNamespaceSchemaLocation="https://maven.apache.org/surefire/maven-surefire-plugin/xsd/surefire-test-report.xsd" name="TestSuite" time="4.389" tests="3" errors="0" skipped="2" failures="1">
  <properties>
    <property name="sun.desktop" value="windows"/>
    <property name="awt.toolkit" value="sun.awt.windows.WToolkit"/>
    <property name="java.specification.version" value="11"/>
    <property name="sun.cpu.isalist" value="amd64"/>
    <property name="sun.jnu.encoding" value="MS949"/>
    <property name="java.class.path" value="D:\000. Selenium\eclipse\eclipse-workspace\BlogTest\target\test-classes;D:\000. Selenium\eclipse\eclipse-workspace\BlogTest\target\classes;C:\Users\NHN\.m2\repository\junit\junit\4.12\junit-4.12.jar;C:\Users\NHN\.m2\repository\org\hamcrest\hamcrest-core\1.3\hamcrest-core-1.3.jar;C:\Users\NHN\.m2\repository\org\testng\testng\7.5\testng-7.5.jar;C:\Users\NHN\.m2\repository\com\google\code\findbugs\jsr305\3.0.1\jsr305-3.0.1.jar;C:\Users\NHN\.m2\repository\org\slf4j\slf4j-api\1.7.32\slf4j-api-1.7.32.jar;C:\Users\NHN\.m2\repository\com\beust\jcommander\1.78\jcommander-1.78.jar;C:\Users\NHN\.m2\repository\org\webjars\jquery\3.5.1\jquery-3.5.1.jar;C:\Users\NHN\.m2\repository\org\seleniumhq\selenium\selenium-java\3.141.59\selenium-java-3.141.59.jar;C:\Users\NHN\.m2\repository\org\seleniumhq\selenium\selenium-api\3.141.59\selenium-api-3.141.59.jar;C:\Users\NHN\.m2\repository\org\seleniumhq\selenium\selenium-chrome-driver\3.141.59\selenium-chrome-driver-3.141.59.jar;C:\Users\NHN\.m2\repository\org\seleniumhq\selenium\selenium-edge-driver\3.141.59\selenium-edge-driver-3.141.59.jar;C:\Users\NHN\.m2\repository\org\seleniumhq\selenium\selenium-firefox-driver\3.141.59\selenium-firefox-driver-3.141.59.jar;C:\Users\NHN\.m2\repository\org\seleniumhq\selenium\selenium-ie-driver\3.141.59\selenium-ie-driver-3.141.59.jar;C:\Users\NHN\.m2\repository\org\seleniumhq\selenium\selenium-opera-driver\3.141.59\selenium-opera-driver-3.141.59.jar;C:\Users\NHN\.m2\repository\org\seleniumhq\selenium\selenium-remote-driver\3.141.59\selenium-remote-driver-3.141.59.jar;C:\Users\NHN\.m2\repository\org\seleniumhq\selenium\selenium-safari-driver\3.141.59\selenium-safari-driver-3.141.59.jar;C:\Users\NHN\.m2\repository\org\seleniumhq\selenium\selenium-support\3.141.59\selenium-support-3.141.59.jar;C:\Users\NHN\.m2\repository\net\bytebuddy\byte-buddy\1.8.15\byte-buddy-1.8.15.jar;C:\Users\NHN\.m2\repository\org\apache\commons\commons-exec\1.3\commons-exec-1.3.jar;C:\Users\NHN\.m2\repository\com\squareup\okhttp3\okhttp\3.11.0\okhttp-3.11.0.jar;C:\Users\NHN\.m2\repository\com\squareup\okio\okio\1.14.0\okio-1.14.0.jar;C:\Users\NHN\.m2\repository\com\codeborne\selenide\6.2.0\selenide-6.2.0.jar;C:\Users\NHN\.m2\repository\com\codeborne\selenide-core\6.2.0\selenide-core-6.2.0.jar;C:\Users\NHN\.m2\repository\org\opentest4j\opentest4j\1.2.0\opentest4j-1.2.0.jar;C:\Users\NHN\.m2\repository\io\github\bonigarcia\webdrivermanager\5.0.3\webdrivermanager-5.0.3.jar;C:\Users\NHN\.m2\repository\com\google\code\gson\gson\2.8.8\gson-2.8.8.jar;C:\Users\NHN\.m2\repository\org\jsoup\jsoup\1.14.2\jsoup-1.14.2.jar;C:\Users\NHN\.m2\repository\org\brotli\dec\0.1.2\dec-0.1.2.jar;C:\Users\NHN\.m2\repository\commons-lang\commons-lang\2.6\commons-lang-2.6.jar;C:\Users\NHN\.m2\repository\org\apache\commons\commons-compress\1.21\commons-compress-1.21.jar;C:\Users\NHN\.m2\repository\org\apache\httpcomponents\client5\httpclient5\5.1.2\httpclient5-5.1.2.jar;C:\Users\NHN\.m2\repository\org\apache\httpcomponents\core5\httpcore5\5.1.2\httpcore5-5.1.2.jar;C:\Users\NHN\.m2\repository\commons-codec\commons-codec\1.15\commons-codec-1.15.jar;C:\Users\NHN\.m2\repository\org\apache\commons\commons-lang3\3.12.0\commons-lang3-3.12.0.jar;C:\Users\NHN\.m2\repository\commons-io\commons-io\2.11.0\commons-io-2.11.0.jar;C:\Users\NHN\.m2\repository\org\apache\logging\log4j\log4j-core\2.17.1\log4j-core-2.17.1.jar;C:\Users\NHN\.m2\repository\org\apache\logging\log4j\log4j-api\2.17.1\log4j-api-2.17.1.jar;C:\Users\NHN\.m2\repository\com\google\guava\guava\31.0.1-jre\guava-31.0.1-jre.jar;C:\Users\NHN\.m2\repository\com\google\guava\failureaccess\1.0.1\failureaccess-1.0.1.jar;C:\Users\NHN\.m2\repository\com\google\guava\listenablefuture\9999.0-empty-to-avoid-conflict-with-guava\listenablefuture-9999.0-empty-to-avoid-conflict-with-guava.jar;C:\Users\NHN\.m2\repository\org\checkerframework\checker-qual\3.12.0\checker-qual-3.12.0.jar;C:\Users\NHN\.m2\repository\com\google\errorprone\error_prone_annotations\2.7.1\error_prone_annotations-2.7.1.jar;C:\Users\NHN\.m2\repository\com\google\j2objc\j2objc-annotations\1.3\j2objc-annotations-1.3.jar;C:\Users\NHN\.m2\repository\org\apache\logging\log4j\log4j-slf4j-impl\2.17.1\log4j-slf4j-impl-2.17.1.jar;"/>
    <property name="java.vm.vendor" value="Oracle Corporation"/>
    <property name="sun.arch.data.model" value="64"/>
    <property name="user.variant" value=""/>
    <property name="java.vendor.url" value="http://java.oracle.com/"/>
    <property name="user.timezone" value="Asia/Seoul"/>
    <property name="java.vm.specification.version" value="11"/>
    <property name="os.name" value="Windows 10"/>
    <property name="sun.java.launcher" value="SUN_STANDARD"/>
    <property name="user.country" value="KR"/>
    <property name="sun.boot.library.path" value="D:\OpenJDK\jdk-11.0.2\bin"/>
    <property name="sun.java.command" value="C:\Users\NHN\AppData\Local\Temp\surefire10217595723783760043\surefirebooter12081704506546931430.jar C:\Users\NHN\AppData\Local\Temp\surefire10217595723783760043 2025-04-08T10-06-58_649-jvmRun1 surefire17497696179480125197tmp surefire_03100553524648496424tmp"/>
    <property name="jdk.debug" value="release"/>
    <property name="surefire.test.class.path" value="D:\000. Selenium\eclipse\eclipse-workspace\BlogTest\target\test-classes;D:\000. Selenium\eclipse\eclipse-workspace\BlogTest\target\classes;C:\Users\NHN\.m2\repository\junit\junit\4.12\junit-4.12.jar;C:\Users\NHN\.m2\repository\org\hamcrest\hamcrest-core\1.3\hamcrest-core-1.3.jar;C:\Users\NHN\.m2\repository\org\testng\testng\7.5\testng-7.5.jar;C:\Users\NHN\.m2\repository\com\google\code\findbugs\jsr305\3.0.1\jsr305-3.0.1.jar;C:\Users\NHN\.m2\repository\org\slf4j\slf4j-api\1.7.32\slf4j-api-1.7.32.jar;C:\Users\NHN\.m2\repository\com\beust\jcommander\1.78\jcommander-1.78.jar;C:\Users\NHN\.m2\repository\org\webjars\jquery\3.5.1\jquery-3.5.1.jar;C:\Users\NHN\.m2\repository\org\seleniumhq\selenium\selenium-java\3.141.59\selenium-java-3.141.59.jar;C:\Users\NHN\.m2\repository\org\seleniumhq\selenium\selenium-api\3.141.59\selenium-api-3.141.59.jar;C:\Users\NHN\.m2\repository\org\seleniumhq\selenium\selenium-chrome-driver\3.141.59\selenium-chrome-driver-3.141.59.jar;C:\Users\NHN\.m2\repository\org\seleniumhq\selenium\selenium-edge-driver\3.141.59\selenium-edge-driver-3.141.59.jar;C:\Users\NHN\.m2\repository\org\seleniumhq\selenium\selenium-firefox-driver\3.141.59\selenium-firefox-driver-3.141.59.jar;C:\Users\NHN\.m2\repository\org\seleniumhq\selenium\selenium-ie-driver\3.141.59\selenium-ie-driver-3.141.59.jar;C:\Users\NHN\.m2\repository\org\seleniumhq\selenium\selenium-opera-driver\3.141.59\selenium-opera-driver-3.141.59.jar;C:\Users\NHN\.m2\repository\org\seleniumhq\selenium\selenium-remote-driver\3.141.59\selenium-remote-driver-3.141.59.jar;C:\Users\NHN\.m2\repository\org\seleniumhq\selenium\selenium-safari-driver\3.141.59\selenium-safari-driver-3.141.59.jar;C:\Users\NHN\.m2\repository\org\seleniumhq\selenium\selenium-support\3.141.59\selenium-support-3.141.59.jar;C:\Users\NHN\.m2\repository\net\bytebuddy\byte-buddy\1.8.15\byte-buddy-1.8.15.jar;C:\Users\NHN\.m2\repository\org\apache\commons\commons-exec\1.3\commons-exec-1.3.jar;C:\Users\NHN\.m2\repository\com\squareup\okhttp3\okhttp\3.11.0\okhttp-3.11.0.jar;C:\Users\NHN\.m2\repository\com\squareup\okio\okio\1.14.0\okio-1.14.0.jar;C:\Users\NHN\.m2\repository\com\codeborne\selenide\6.2.0\selenide-6.2.0.jar;C:\Users\NHN\.m2\repository\com\codeborne\selenide-core\6.2.0\selenide-core-6.2.0.jar;C:\Users\NHN\.m2\repository\org\opentest4j\opentest4j\1.2.0\opentest4j-1.2.0.jar;C:\Users\NHN\.m2\repository\io\github\bonigarcia\webdrivermanager\5.0.3\webdrivermanager-5.0.3.jar;C:\Users\NHN\.m2\repository\com\google\code\gson\gson\2.8.8\gson-2.8.8.jar;C:\Users\NHN\.m2\repository\org\jsoup\jsoup\1.14.2\jsoup-1.14.2.jar;C:\Users\NHN\.m2\repository\org\brotli\dec\0.1.2\dec-0.1.2.jar;C:\Users\NHN\.m2\repository\commons-lang\commons-lang\2.6\commons-lang-2.6.jar;C:\Users\NHN\.m2\repository\org\apache\commons\commons-compress\1.21\commons-compress-1.21.jar;C:\Users\NHN\.m2\repository\org\apache\httpcomponents\client5\httpclient5\5.1.2\httpclient5-5.1.2.jar;C:\Users\NHN\.m2\repository\org\apache\httpcomponents\core5\httpcore5\5.1.2\httpcore5-5.1.2.jar;C:\Users\NHN\.m2\repository\commons-codec\commons-codec\1.15\commons-codec-1.15.jar;C:\Users\NHN\.m2\repository\org\apache\commons\commons-lang3\3.12.0\commons-lang3-3.12.0.jar;C:\Users\NHN\.m2\repository\commons-io\commons-io\2.11.0\commons-io-2.11.0.jar;C:\Users\NHN\.m2\repository\org\apache\logging\log4j\log4j-core\2.17.1\log4j-core-2.17.1.jar;C:\Users\NHN\.m2\repository\org\apache\logging\log4j\log4j-api\2.17.1\log4j-api-2.17.1.jar;C:\Users\NHN\.m2\repository\com\google\guava\guava\31.0.1-jre\guava-31.0.1-jre.jar;C:\Users\NHN\.m2\repository\com\google\guava\failureaccess\1.0.1\failureaccess-1.0.1.jar;C:\Users\NHN\.m2\repository\com\google\guava\listenablefuture\9999.0-empty-to-avoid-conflict-with-guava\listenablefuture-9999.0-empty-to-avoid-conflict-with-guava.jar;C:\Users\NHN\.m2\repository\org\checkerframework\checker-qual\3.12.0\checker-qual-3.12.0.jar;C:\Users\NHN\.m2\repository\com\google\errorprone\error_prone_annotations\2.7.1\error_prone_annotations-2.7.1.jar;C:\Users\NHN\.m2\repository\com\google\j2objc\j2objc-annotations\1.3\j2objc-annotations-1.3.jar;C:\Users\NHN\.m2\repository\org\apache\logging\log4j\log4j-slf4j-impl\2.17.1\log4j-slf4j-impl-2.17.1.jar;"/>
    <property name="sun.cpu.endian" value="little"/>
    <property name="user.home" value="C:\Users\NHN"/>
    <property name="user.language" value="ko"/>
    <property name="java.specification.vendor" value="Oracle Corporation"/>
    <property name="java.version.date" value="2019-01-15"/>
    <property name="java.home" value="D:\OpenJDK\jdk-11.0.2"/>
    <property name="file.separator" value="\"/>
    <property name="basedir" value="D:\000. Selenium\eclipse\eclipse-workspace\BlogTest"/>
    <property name="java.vm.compressedOopsMode" value="Zero based"/>
    <property name="line.separator" value="&#10;"/>
    <property name="java.specification.name" value="Java Platform API Specification"/>
    <property name="java.vm.specification.vendor" value="Oracle Corporation"/>
    <property name="java.awt.graphicsenv" value="sun.awt.Win32GraphicsEnvironment"/>
    <property name="surefire.real.class.path" value="C:\Users\NHN\AppData\Local\Temp\surefire10217595723783760043\surefirebooter12081704506546931430.jar"/>
    <property name="user.script" value=""/>
    <property name="sun.management.compiler" value="HotSpot 64-Bit Tiered Compilers"/>
    <property name="java.runtime.version" value="11.0.2+9"/>
    <property name="user.name" value="NHN"/>
    <property name="path.separator" value=";"/>
    <property name="os.version" value="10.0"/>
    <property name="java.runtime.name" value="OpenJDK Runtime Environment"/>
    <property name="file.encoding" value="MS949"/>
    <property name="java.vm.name" value="OpenJDK 64-Bit Server VM"/>
    <property name="java.vendor.version" value="18.9"/>
    <property name="localRepository" value="C:\Users\NHN\.m2\repository"/>
    <property name="java.vendor.url.bug" value="http://bugreport.java.com/bugreport/"/>
    <property name="java.io.tmpdir" value="C:\Users\NHN\AppData\Local\Temp\"/>
    <property name="java.version" value="11.0.2"/>
    <property name="user.dir" value="D:\000. Selenium\eclipse\eclipse-workspace\BlogTest"/>
    <property name="os.arch" value="amd64"/>
    <property name="java.vm.specification.name" value="Java Virtual Machine Specification"/>
    <property name="java.awt.printerjob" value="sun.awt.windows.WPrinterJob"/>
    <property name="sun.os.patch.level" value=""/>
    <property name="java.library.path" value="D:\OpenJDK\jdk-11.0.2\bin;C:\windows\Sun\Java\bin;C:\windows\system32;C:\windows;D:/OpenJDK/jdk-11.0.2/bin/server;D:/OpenJDK/jdk-11.0.2/bin;C:\Program Files (x86)\Go\bin;C:\Program Files (x86)\PICT\;C:\Windows\System32;C:\Users\NHN\AppData\Local\Microsoft\WindowsApps;C:\Users\NHN\AppData\Local\Programs\Microsoft VS Code\bin;D:\OpenJDK\jdk-11.0.2\bin;D:\apache-maven-3.8.5\bin;C:\Users\NHN\AppData\Local\Programs\Fiddler;C:\Users\NHN\AppData\Local\GitHubDesktop\bin;C:\Users\NHN\go\bin;D:\000. Selenium\eclipse;;."/>
    <property name="java.vendor" value="Oracle Corporation"/>
    <property name="java.vm.info" value="mixed mode"/>
    <property name="java.vm.version" value="11.0.2+9"/>
    <property name="sun.io.unicode.encoding" value="UnicodeLittle"/>
    <property name="java.class.version" value="55.0"/>
  </properties>
  <testcase name="beforeTest" classname="TestExample.BlogTest" time="4.155">
    <failure message="session not created: This version of Microsoft Edge WebDriver only supports Microsoft Edge version 133&#10;Current browser version is 135.0.3179.54 with binary path C:\Program Files (x86)\Microsoft\Edge\Application\msedge.exe&#10;Build info: version: &apos;3.141.59&apos;, revision: &apos;e82be7d358&apos;, time: &apos;2018-11-14T08:17:03&apos;&#10;System info: host: &apos;AD01598487&apos;, ip: &apos;10.77.129.169&apos;, os.name: &apos;Windows 10&apos;, os.arch: &apos;amd64&apos;, os.version: &apos;10.0&apos;, java.version: &apos;11.0.2&apos;&#10;Driver info: driver.version: EdgeDriver&#10;remote stacktrace: 	GetHandleVerifier [0x00007FF613C0E6D5+13397]&#10;	Microsoft::Applications::Events::EventProperty::empty [0x00007FF613E9B174+2060308]&#10;	Microsoft::Applications::Events::EventProperty::empty [0x00007FF613DF22D8+1368440]&#10;	(No symbol) [0x00007FF6139D55F9]&#10;	(No symbol) [0x00007FF6139D4AD6]&#10;	(No symbol) [0x00007FF6139D0FEB]&#10;	(No symbol) [0x00007FF6139CA797]&#10;	(No symbol) [0x00007FF613A0FCF4]&#10;	(No symbol) [0x00007FF613A03F33]&#10;	(No symbol) [0x00007FF6139D8B06]&#10;	(No symbol) [0x00007FF6139D7DC0]&#10;	(No symbol) [0x00007FF6139D8933]&#10;	(No symbol) [0x00007FF613A60184]&#10;	(No symbol) [0x00007FF613AF063F]&#10;	(No symbol) [0x00007FF613A639C3]&#10;	Microsoft::Applications::Events::EventProperty::to_string [0x00007FF613F5457D+279981]&#10;	simdutf::get_active_implementation [0x00007FF613B977D1+409489]&#10;	simdutf::get_active_implementation [0x00007FF613B92AB4+389748]&#10;	simdutf::get_active_implementation [0x00007FF613B92BF9+390073]&#10;	simdutf::get_active_implementation [0x00007FF613B861F6+338358]&#10;	BaseThreadInitThunk [0x00007FFCB46C7374+20]&#10;	RtlUserThreadStart [0x00007FFCB4E5CC91+33]&#10;" type="org.openqa.selenium.SessionNotCreatedException">org.openqa.selenium.SessionNotCreatedException: 
session not created: This version of Microsoft Edge WebDriver only supports Microsoft Edge version 133
Current browser version is 135.0.3179.54 with binary path C:\Program Files (x86)\Microsoft\Edge\Application\msedge.exe
Build info: version: '3.141.59', revision: 'e82be7d358', time: '2018-11-14T08:17:03'
System info: host: 'AD01598487', ip: '10.77.129.169', os.name: 'Windows 10', os.arch: 'amd64', os.version: '10.0', java.version: '11.0.2'
Driver info: driver.version: EdgeDriver
remote stacktrace: 	GetHandleVerifier [0x00007FF613C0E6D5+13397]
	Microsoft::Applications::Events::EventProperty::empty [0x00007FF613E9B174+2060308]
	Microsoft::Applications::Events::EventProperty::empty [0x00007FF613DF22D8+1368440]
	(No symbol) [0x00007FF6139D55F9]
	(No symbol) [0x00007FF6139D4AD6]
	(No symbol) [0x00007FF6139D0FEB]
	(No symbol) [0x00007FF6139CA797]
	(No symbol) [0x00007FF613A0FCF4]
	(No symbol) [0x00007FF613A03F33]
	(No symbol) [0x00007FF6139D8B06]
	(No symbol) [0x00007FF6139D7DC0]
	(No symbol) [0x00007FF6139D8933]
	(No symbol) [0x00007FF613A60184]
	(No symbol) [0x00007FF613AF063F]
	(No symbol) [0x00007FF613A639C3]
	Microsoft::Applications::Events::EventProperty::to_string [0x00007FF613F5457D+279981]
	simdutf::get_active_implementation [0x00007FF613B977D1+409489]
	simdutf::get_active_implementation [0x00007FF613B92AB4+389748]
	simdutf::get_active_implementation [0x00007FF613B92BF9+390073]
	simdutf::get_active_implementation [0x00007FF613B861F6+338358]
	BaseThreadInitThunk [0x00007FFCB46C7374+20]
	RtlUserThreadStart [0x00007FFCB4E5CC91+33]

	at TestExample.BlogTest.getDriver(BlogTest.java:73)
	at TestExample.BlogTest.beforeTest(BlogTest.java:54)
</failure>
    <system-err><![CDATA[Starting Microsoft Edge WebDriver 133.0.3065.59 (3b8acd719957f1d1c93e364cb8794b3920fda271) on port 5160
To submit feedback, report a bug, or suggest new features, please visit https://github.com/MicrosoftEdge/EdgeWebDriver

Only local connections are allowed.
Please see https://aka.ms/WebDriverSecurity for suggestions on keeping Microsoft Edge WebDriver safe.

msedgedriver was started successfully on port 5160.
]]></system-err>
  </testcase>
  <testcase name="다이티카페24로그인후구매" classname="TestExample.BlogTest" time="0">
    <skipped message="session not created: This version of Microsoft Edge WebDriver only supports Microsoft Edge version 133&#10;Current browser version is 135.0.3179.54 with binary path C:\Program Files (x86)\Microsoft\Edge\Application\msedge.exe&#10;Build info: version: &apos;3.141.59&apos;, revision: &apos;e82be7d358&apos;, time: &apos;2018-11-14T08:17:03&apos;&#10;System info: host: &apos;AD01598487&apos;, ip: &apos;10.77.129.169&apos;, os.name: &apos;Windows 10&apos;, os.arch: &apos;amd64&apos;, os.version: &apos;10.0&apos;, java.version: &apos;11.0.2&apos;&#10;Driver info: driver.version: EdgeDriver&#10;remote stacktrace: 	GetHandleVerifier [0x00007FF613C0E6D5+13397]&#10;	Microsoft::Applications::Events::EventProperty::empty [0x00007FF613E9B174+2060308]&#10;	Microsoft::Applications::Events::EventProperty::empty [0x00007FF613DF22D8+1368440]&#10;	(No symbol) [0x00007FF6139D55F9]&#10;	(No symbol) [0x00007FF6139D4AD6]&#10;	(No symbol) [0x00007FF6139D0FEB]&#10;	(No symbol) [0x00007FF6139CA797]&#10;	(No symbol) [0x00007FF613A0FCF4]&#10;	(No symbol) [0x00007FF613A03F33]&#10;	(No symbol) [0x00007FF6139D8B06]&#10;	(No symbol) [0x00007FF6139D7DC0]&#10;	(No symbol) [0x00007FF6139D8933]&#10;	(No symbol) [0x00007FF613A60184]&#10;	(No symbol) [0x00007FF613AF063F]&#10;	(No symbol) [0x00007FF613A639C3]&#10;	Microsoft::Applications::Events::EventProperty::to_string [0x00007FF613F5457D+279981]&#10;	simdutf::get_active_implementation [0x00007FF613B977D1+409489]&#10;	simdutf::get_active_implementation [0x00007FF613B92AB4+389748]&#10;	simdutf::get_active_implementation [0x00007FF613B92BF9+390073]&#10;	simdutf::get_active_implementation [0x00007FF613B861F6+338358]&#10;	BaseThreadInitThunk [0x00007FFCB46C7374+20]&#10;	RtlUserThreadStart [0x00007FFCB4E5CC91+33]&#10;"/>
  </testcase>
  <testcase name="afterTest" classname="TestExample.BlogTest" time="0">
    <skipped/>
  </testcase>
</testsuite>